number,value,datetime_start,datetime_complete,duration,params_bagging_fraction,params_bagging_freq,params_feature_fraction,params_learning_rate,params_max_depth,params_min_child_samples,params_min_child_weight,params_min_gain_to_split,params_num_leaves,params_reg_alpha,params_reg_lambda,system_attrs_fixed_params,state
160,0.7442364861486862,2025-07-12 07:32:50.505768,2025-07-12 07:38:49.016594,0 days 00:05:58.510826,0.9466312679829431,1.0,0.7031114278014123,0.02282934782408941,-1.0,64.0,0.005986795923502138,0.00012390136385754372,52,2.818695733618866,0.001575869083448968,,COMPLETE
161,0.7436553667211574,2025-07-12 07:38:49.043454,2025-07-12 07:45:32.169872,0 days 00:06:43.126418,0.959741376077476,2.0,0.7810594475145249,0.023219586311413097,7.0,172.0,8.506077776472026,0.00039744062075715547,51,0.027639813609383855,0.07181825041534917,,COMPLETE
162,0.7441091436922515,2025-07-12 07:45:32.171026,2025-07-12 07:52:32.259341,0 days 00:07:00.088315,0.9312496392611123,1.0,0.7017328961879865,0.020027347481365015,-1.0,50.0,0.005171360558891277,0.0002287337658974195,54,1.7783959383403265,0.002317084572446573,,COMPLETE
163,0.7437948882240967,2025-07-12 07:52:32.287036,2025-07-12 07:58:11.453760,0 days 00:05:39.166724,0.9153732174742544,2.0,0.7328274933489768,0.02276610369329927,-1.0,90.0,0.006526378055652315,0.017246966801285634,90,0.6422250196902412,0.03332317336761707,,COMPLETE
164,0.7440823890999599,2025-07-12 07:58:11.454916,2025-07-12 08:04:20.073085,0 days 00:06:08.618169,0.8074244484393198,3.0,0.7298768426669178,0.022932352459289658,-1.0,95.0,0.00587276362683006,0.00016887486547610952,55,5.249316608460653,0.0029260734707761563,,COMPLETE
165,0.7442007819672223,2025-07-12 08:04:20.101111,2025-07-12 08:10:17.610973,0 days 00:05:57.509862,0.8810127910967016,1.0,0.7153314280402111,0.020058223843468045,9.0,215.0,0.007383442764855878,0.0002405638517659656,52,5.404174813470001,0.001703859656379437,,COMPLETE
166,0.7439834942081474,2025-07-12 08:10:17.612129,2025-07-12 08:17:51.524098,0 days 00:07:33.911969,0.9318450512843103,2.0,0.7205297759399226,0.022930711794799753,7.0,158.0,0.009227881528930934,0.0028659404416856177,51,7.025887324108857,0.0026542273439606324,,COMPLETE
167,0.7442389273904251,2025-07-12 08:17:51.613400,2025-07-12 08:24:20.006705,0 days 00:06:28.393305,0.9061115521462703,1.0,0.7175856545861075,0.02015379809445621,9.0,219.0,0.010005499731901069,0.00043734742041033484,47,0.839937620937137,0.0030914188295254833,,COMPLETE
168,0.7439503913371165,2025-07-12 08:24:20.007874,2025-07-12 08:29:43.936337,0 days 00:05:23.928463,0.8448119459711013,1.0,0.7158875478927585,0.023228713387570127,9.0,174.0,0.01025665786364311,0.00010493082469953871,78,2.271880664750025,0.0037429740135118865,,COMPLETE
169,0.743892834452594,2025-07-12 08:29:43.962817,2025-07-12 08:37:07.623771,0 days 00:07:23.660954,0.9275915297013314,2.0,0.7608610818725104,0.02000285917426294,9.0,307.0,0.003851458276675225,0.0006766387304422544,49,2.5201951444131656,0.001438836025850236,,COMPLETE
170,0.74414292281757,2025-07-12 08:37:07.624965,2025-07-12 08:42:45.426254,0 days 00:05:37.801289,0.8091169110867421,3.0,0.7371386387425949,0.02330769168542655,11.0,72.0,2.8263027253908857,0.005695931814517345,48,4.065423020126619,0.0017659991372562381,,COMPLETE
171,0.7441706069895234,2025-07-12 08:42:45.453223,2025-07-12 08:49:11.078693,0 days 00:06:25.625470,0.929329295632804,1.0,0.7064341304588676,0.020050543180276843,9.0,249.0,0.009183887835207417,0.0004004654138870764,50,1.42680437370433,0.0020702033679771987,,COMPLETE
172,0.7441498102756685,2025-07-12 08:49:11.079924,2025-07-12 08:55:54.513711,0 days 00:06:43.433787,0.8961149356968575,1.0,0.7235294893368723,0.020293280007725126,9.0,260.0,0.011539259898209467,0.000298189254638933,51,0.24823132815796373,0.0033659868171945716,,COMPLETE
